{"D:\\Users\\Leo\\Documents\\Microverse\\todo-list\\src\\add-edit-remove.js": {"path":"D:\\Users\\Leo\\Documents\\Microverse\\todo-list\\src\\add-edit-remove.js","statementMap":{"0":{"start":{"line":5,"column":22},"end":{"line":18,"column":1}},"1":{"start":{"line":6,"column":19},"end":{"line":6,"column":34}},"2":{"start":{"line":7,"column":25},"end":{"line":7,"column":55}},"3":{"start":{"line":9,"column":2},"end":{"line":9,"column":69}},"4":{"start":{"line":11,"column":2},"end":{"line":13,"column":3}},"5":{"start":{"line":12,"column":4},"end":{"line":12,"column":41}},"6":{"start":{"line":15,"column":2},"end":{"line":17,"column":5}},"7":{"start":{"line":16,"column":4},"end":{"line":16,"column":25}},"8":{"start":{"line":20,"column":25},"end":{"line":25,"column":1}},"9":{"start":{"line":21,"column":19},"end":{"line":21,"column":40}},"10":{"start":{"line":22,"column":2},"end":{"line":24,"column":3}},"11":{"start":{"line":23,"column":4},"end":{"line":23,"column":37}},"12":{"start":{"line":27,"column":26},"end":{"line":60,"column":1}},"13":{"start":{"line":28,"column":19},"end":{"line":28,"column":46}},"14":{"start":{"line":29,"column":21},"end":{"line":29,"column":56}},"15":{"start":{"line":30,"column":15},"end":{"line":30,"column":45}},"16":{"start":{"line":31,"column":2},"end":{"line":31,"column":36}},"17":{"start":{"line":33,"column":2},"end":{"line":35,"column":3}},"18":{"start":{"line":34,"column":4},"end":{"line":34,"column":33}},"19":{"start":{"line":37,"column":2},"end":{"line":37,"column":62}},"20":{"start":{"line":38,"column":2},"end":{"line":38,"column":42}},"21":{"start":{"line":40,"column":2},"end":{"line":42,"column":3}},"22":{"start":{"line":41,"column":4},"end":{"line":41,"column":39}},"23":{"start":{"line":44,"column":2},"end":{"line":50,"column":3}},"24":{"start":{"line":45,"column":4},"end":{"line":45,"column":43}},"25":{"start":{"line":47,"column":4},"end":{"line":49,"column":5}},"26":{"start":{"line":48,"column":6},"end":{"line":48,"column":56}},"27":{"start":{"line":52,"column":18},"end":{"line":52,"column":59}},"28":{"start":{"line":54,"column":2},"end":{"line":59,"column":5}},"29":{"start":{"line":55,"column":4},"end":{"line":58,"column":7}},"30":{"start":{"line":56,"column":6},"end":{"line":56,"column":26}},"31":{"start":{"line":57,"column":6},"end":{"line":57,"column":21}},"32":{"start":{"line":62,"column":16},"end":{"line":69,"column":1}},"33":{"start":{"line":63,"column":18},"end":{"line":63,"column":20}},"34":{"start":{"line":64,"column":2},"end":{"line":64,"column":30}},"35":{"start":{"line":65,"column":2},"end":{"line":65,"column":28}},"36":{"start":{"line":66,"column":2},"end":{"line":66,"column":40}},"37":{"start":{"line":68,"column":2},"end":{"line":68,"column":17}},"38":{"start":{"line":71,"column":19},"end":{"line":87,"column":1}},"39":{"start":{"line":72,"column":21},"end":{"line":72,"column":75}},"40":{"start":{"line":72,"column":47},"end":{"line":72,"column":74}},"41":{"start":{"line":74,"column":19},"end":{"line":74,"column":79}},"42":{"start":{"line":74,"column":47},"end":{"line":74,"column":78}},"43":{"start":{"line":76,"column":2},"end":{"line":78,"column":5}},"44":{"start":{"line":77,"column":4},"end":{"line":77,"column":27}},"45":{"start":{"line":80,"column":2},"end":{"line":80,"column":29}},"46":{"start":{"line":82,"column":13},"end":{"line":82,"column":32}},"47":{"start":{"line":84,"column":2},"end":{"line":84,"column":27}},"48":{"start":{"line":86,"column":2},"end":{"line":86,"column":20}},"49":{"start":{"line":89,"column":32},"end":{"line":123,"column":1}},"50":{"start":{"line":90,"column":19},"end":{"line":90,"column":63}},"51":{"start":{"line":90,"column":47},"end":{"line":90,"column":62}},"52":{"start":{"line":91,"column":26},"end":{"line":91,"column":69}},"53":{"start":{"line":91,"column":54},"end":{"line":91,"column":68}},"54":{"start":{"line":92,"column":16},"end":{"line":92,"column":54}},"55":{"start":{"line":93,"column":13},"end":{"line":93,"column":41}},"56":{"start":{"line":95,"column":21},"end":{"line":95,"column":23}},"57":{"start":{"line":97,"column":2},"end":{"line":103,"column":5}},"58":{"start":{"line":98,"column":4},"end":{"line":102,"column":7}},"59":{"start":{"line":99,"column":6},"end":{"line":101,"column":7}},"60":{"start":{"line":100,"column":8},"end":{"line":100,"column":28}},"61":{"start":{"line":105,"column":2},"end":{"line":107,"column":5}},"62":{"start":{"line":106,"column":4},"end":{"line":106,"column":27}},"63":{"start":{"line":109,"column":2},"end":{"line":109,"column":29}},"64":{"start":{"line":111,"column":2},"end":{"line":114,"column":3}},"65":{"start":{"line":112,"column":21},"end":{"line":112,"column":34}},"66":{"start":{"line":113,"column":4},"end":{"line":113,"column":29}},"67":{"start":{"line":116,"column":2},"end":{"line":120,"column":3}},"68":{"start":{"line":117,"column":4},"end":{"line":119,"column":7}},"69":{"start":{"line":118,"column":6},"end":{"line":118,"column":25}},"70":{"start":{"line":122,"column":2},"end":{"line":122,"column":20}},"71":{"start":{"line":125,"column":17},"end":{"line":180,"column":1}},"72":{"start":{"line":126,"column":19},"end":{"line":126,"column":34}},"73":{"start":{"line":127,"column":21},"end":{"line":127,"column":59}},"74":{"start":{"line":128,"column":33},"end":{"line":128,"column":72}},"75":{"start":{"line":132,"column":2},"end":{"line":134,"column":3}},"76":{"start":{"line":133,"column":4},"end":{"line":133,"column":72}},"77":{"start":{"line":133,"column":43},"end":{"line":133,"column":70}},"78":{"start":{"line":136,"column":23},"end":{"line":136,"column":54}},"79":{"start":{"line":137,"column":2},"end":{"line":137,"column":29}},"80":{"start":{"line":138,"column":2},"end":{"line":138,"column":50}},"81":{"start":{"line":140,"column":2},"end":{"line":140,"column":58}},"82":{"start":{"line":142,"column":2},"end":{"line":142,"column":38}},"83":{"start":{"line":143,"column":2},"end":{"line":143,"column":23}},"84":{"start":{"line":144,"column":2},"end":{"line":144,"column":39}},"85":{"start":{"line":146,"column":2},"end":{"line":150,"column":3}},"86":{"start":{"line":147,"column":4},"end":{"line":147,"column":31}},"87":{"start":{"line":148,"column":4},"end":{"line":148,"column":51}},"88":{"start":{"line":149,"column":4},"end":{"line":149,"column":55}},"89":{"start":{"line":152,"column":2},"end":{"line":152,"column":25}},"90":{"start":{"line":154,"column":2},"end":{"line":179,"column":3}},"91":{"start":{"line":155,"column":4},"end":{"line":165,"column":7}},"92":{"start":{"line":156,"column":6},"end":{"line":156,"column":32}},"93":{"start":{"line":157,"column":6},"end":{"line":164,"column":9}},"94":{"start":{"line":158,"column":8},"end":{"line":158,"column":35}},"95":{"start":{"line":159,"column":8},"end":{"line":163,"column":9}},"96":{"start":{"line":160,"column":10},"end":{"line":160,"column":54}},"97":{"start":{"line":161,"column":10},"end":{"line":161,"column":28}},"98":{"start":{"line":162,"column":10},"end":{"line":162,"column":66}},"99":{"start":{"line":167,"column":4},"end":{"line":178,"column":7}},"100":{"start":{"line":168,"column":6},"end":{"line":177,"column":7}},"101":{"start":{"line":169,"column":8},"end":{"line":169,"column":36}},"102":{"start":{"line":170,"column":8},"end":{"line":176,"column":9}},"103":{"start":{"line":171,"column":10},"end":{"line":171,"column":30}},"104":{"start":{"line":172,"column":10},"end":{"line":172,"column":54}},"105":{"start":{"line":173,"column":10},"end":{"line":173,"column":28}},"106":{"start":{"line":174,"column":10},"end":{"line":174,"column":39}},"107":{"start":{"line":175,"column":10},"end":{"line":175,"column":66}}},"fnMap":{"0":{"name":"(anonymous_0)","decl":{"start":{"line":5,"column":22},"end":{"line":5,"column":23}},"loc":{"start":{"line":5,"column":32},"end":{"line":18,"column":1}},"line":5},"1":{"name":"(anonymous_1)","decl":{"start":{"line":15,"column":43},"end":{"line":15,"column":44}},"loc":{"start":{"line":15,"column":49},"end":{"line":17,"column":3}},"line":15},"2":{"name":"(anonymous_2)","decl":{"start":{"line":20,"column":25},"end":{"line":20,"column":26}},"loc":{"start":{"line":20,"column":41},"end":{"line":25,"column":1}},"line":20},"3":{"name":"(anonymous_3)","decl":{"start":{"line":27,"column":26},"end":{"line":27,"column":27}},"loc":{"start":{"line":27,"column":72},"end":{"line":60,"column":1}},"line":27},"4":{"name":"(anonymous_4)","decl":{"start":{"line":54,"column":18},"end":{"line":54,"column":19}},"loc":{"start":{"line":54,"column":28},"end":{"line":59,"column":3}},"line":54},"5":{"name":"(anonymous_5)","decl":{"start":{"line":55,"column":35},"end":{"line":55,"column":36}},"loc":{"start":{"line":55,"column":41},"end":{"line":58,"column":5}},"line":55},"6":{"name":"(anonymous_6)","decl":{"start":{"line":62,"column":16},"end":{"line":62,"column":17}},"loc":{"start":{"line":62,"column":39},"end":{"line":69,"column":1}},"line":62},"7":{"name":"(anonymous_7)","decl":{"start":{"line":71,"column":19},"end":{"line":71,"column":20}},"loc":{"start":{"line":71,"column":33},"end":{"line":87,"column":1}},"line":71},"8":{"name":"(anonymous_8)","decl":{"start":{"line":72,"column":37},"end":{"line":72,"column":38}},"loc":{"start":{"line":72,"column":47},"end":{"line":72,"column":74}},"line":72},"9":{"name":"(anonymous_9)","decl":{"start":{"line":74,"column":37},"end":{"line":74,"column":38}},"loc":{"start":{"line":74,"column":47},"end":{"line":74,"column":78}},"line":74},"10":{"name":"(anonymous_10)","decl":{"start":{"line":76,"column":19},"end":{"line":76,"column":20}},"loc":{"start":{"line":76,"column":36},"end":{"line":78,"column":3}},"line":76},"11":{"name":"(anonymous_11)","decl":{"start":{"line":89,"column":32},"end":{"line":89,"column":33}},"loc":{"start":{"line":89,"column":38},"end":{"line":123,"column":1}},"line":89},"12":{"name":"(anonymous_12)","decl":{"start":{"line":90,"column":37},"end":{"line":90,"column":38}},"loc":{"start":{"line":90,"column":47},"end":{"line":90,"column":62}},"line":90},"13":{"name":"(anonymous_13)","decl":{"start":{"line":91,"column":44},"end":{"line":91,"column":45}},"loc":{"start":{"line":91,"column":54},"end":{"line":91,"column":68}},"line":91},"14":{"name":"(anonymous_14)","decl":{"start":{"line":97,"column":16},"end":{"line":97,"column":17}},"loc":{"start":{"line":97,"column":24},"end":{"line":103,"column":3}},"line":97},"15":{"name":"(anonymous_15)","decl":{"start":{"line":98,"column":28},"end":{"line":98,"column":29}},"loc":{"start":{"line":98,"column":41},"end":{"line":102,"column":5}},"line":98},"16":{"name":"(anonymous_16)","decl":{"start":{"line":105,"column":19},"end":{"line":105,"column":20}},"loc":{"start":{"line":105,"column":36},"end":{"line":107,"column":3}},"line":105},"17":{"name":"(anonymous_17)","decl":{"start":{"line":117,"column":23},"end":{"line":117,"column":24}},"loc":{"start":{"line":117,"column":31},"end":{"line":119,"column":5}},"line":117},"18":{"name":"(anonymous_18)","decl":{"start":{"line":125,"column":17},"end":{"line":125,"column":18}},"loc":{"start":{"line":125,"column":27},"end":{"line":180,"column":1}},"line":125},"19":{"name":"(anonymous_19)","decl":{"start":{"line":133,"column":33},"end":{"line":133,"column":34}},"loc":{"start":{"line":133,"column":43},"end":{"line":133,"column":70}},"line":133},"20":{"name":"(anonymous_20)","decl":{"start":{"line":155,"column":42},"end":{"line":155,"column":43}},"loc":{"start":{"line":155,"column":48},"end":{"line":165,"column":5}},"line":155},"21":{"name":"(anonymous_21)","decl":{"start":{"line":157,"column":41},"end":{"line":157,"column":42}},"loc":{"start":{"line":157,"column":47},"end":{"line":164,"column":7}},"line":157},"22":{"name":"(anonymous_22)","decl":{"start":{"line":167,"column":43},"end":{"line":167,"column":44}},"loc":{"start":{"line":167,"column":54},"end":{"line":178,"column":5}},"line":167}},"branchMap":{"0":{"loc":{"start":{"line":11,"column":2},"end":{"line":13,"column":3}},"type":"if","locations":[{"start":{"line":11,"column":2},"end":{"line":13,"column":3}},{"start":{"line":11,"column":2},"end":{"line":13,"column":3}}],"line":11},"1":{"loc":{"start":{"line":22,"column":2},"end":{"line":24,"column":3}},"type":"if","locations":[{"start":{"line":22,"column":2},"end":{"line":24,"column":3}},{"start":{"line":22,"column":2},"end":{"line":24,"column":3}}],"line":22},"2":{"loc":{"start":{"line":33,"column":2},"end":{"line":35,"column":3}},"type":"if","locations":[{"start":{"line":33,"column":2},"end":{"line":35,"column":3}},{"start":{"line":33,"column":2},"end":{"line":35,"column":3}}],"line":33},"3":{"loc":{"start":{"line":40,"column":2},"end":{"line":42,"column":3}},"type":"if","locations":[{"start":{"line":40,"column":2},"end":{"line":42,"column":3}},{"start":{"line":40,"column":2},"end":{"line":42,"column":3}}],"line":40},"4":{"loc":{"start":{"line":44,"column":2},"end":{"line":50,"column":3}},"type":"if","locations":[{"start":{"line":44,"column":2},"end":{"line":50,"column":3}},{"start":{"line":44,"column":2},"end":{"line":50,"column":3}}],"line":44},"5":{"loc":{"start":{"line":47,"column":4},"end":{"line":49,"column":5}},"type":"if","locations":[{"start":{"line":47,"column":4},"end":{"line":49,"column":5}},{"start":{"line":47,"column":4},"end":{"line":49,"column":5}}],"line":47},"6":{"loc":{"start":{"line":99,"column":6},"end":{"line":101,"column":7}},"type":"if","locations":[{"start":{"line":99,"column":6},"end":{"line":101,"column":7}},{"start":{"line":99,"column":6},"end":{"line":101,"column":7}}],"line":99},"7":{"loc":{"start":{"line":111,"column":2},"end":{"line":114,"column":3}},"type":"if","locations":[{"start":{"line":111,"column":2},"end":{"line":114,"column":3}},{"start":{"line":111,"column":2},"end":{"line":114,"column":3}}],"line":111},"8":{"loc":{"start":{"line":116,"column":2},"end":{"line":120,"column":3}},"type":"if","locations":[{"start":{"line":116,"column":2},"end":{"line":120,"column":3}},{"start":{"line":116,"column":2},"end":{"line":120,"column":3}}],"line":116},"9":{"loc":{"start":{"line":132,"column":2},"end":{"line":134,"column":3}},"type":"if","locations":[{"start":{"line":132,"column":2},"end":{"line":134,"column":3}},{"start":{"line":132,"column":2},"end":{"line":134,"column":3}}],"line":132},"10":{"loc":{"start":{"line":146,"column":2},"end":{"line":150,"column":3}},"type":"if","locations":[{"start":{"line":146,"column":2},"end":{"line":150,"column":3}},{"start":{"line":146,"column":2},"end":{"line":150,"column":3}}],"line":146},"11":{"loc":{"start":{"line":154,"column":2},"end":{"line":179,"column":3}},"type":"if","locations":[{"start":{"line":154,"column":2},"end":{"line":179,"column":3}},{"start":{"line":154,"column":2},"end":{"line":179,"column":3}}],"line":154},"12":{"loc":{"start":{"line":159,"column":8},"end":{"line":163,"column":9}},"type":"if","locations":[{"start":{"line":159,"column":8},"end":{"line":163,"column":9}},{"start":{"line":159,"column":8},"end":{"line":163,"column":9}}],"line":159},"13":{"loc":{"start":{"line":168,"column":6},"end":{"line":177,"column":7}},"type":"if","locations":[{"start":{"line":168,"column":6},"end":{"line":177,"column":7}},{"start":{"line":168,"column":6},"end":{"line":177,"column":7}}],"line":168},"14":{"loc":{"start":{"line":170,"column":8},"end":{"line":176,"column":9}},"type":"if","locations":[{"start":{"line":170,"column":8},"end":{"line":176,"column":9}},{"start":{"line":170,"column":8},"end":{"line":176,"column":9}}],"line":170}},"s":{"0":1,"1":0,"2":0,"3":0,"4":0,"5":0,"6":0,"7":0,"8":1,"9":0,"10":0,"11":0,"12":1,"13":0,"14":0,"15":0,"16":0,"17":0,"18":0,"19":0,"20":0,"21":0,"22":0,"23":0,"24":0,"25":0,"26":0,"27":0,"28":0,"29":0,"30":0,"31":0,"32":1,"33":1,"34":1,"35":1,"36":1,"37":1,"38":1,"39":0,"40":0,"41":0,"42":0,"43":0,"44":0,"45":0,"46":0,"47":0,"48":0,"49":1,"50":0,"51":0,"52":0,"53":0,"54":0,"55":0,"56":0,"57":0,"58":0,"59":0,"60":0,"61":0,"62":0,"63":0,"64":0,"65":0,"66":0,"67":0,"68":0,"69":0,"70":0,"71":1,"72":0,"73":0,"74":0,"75":0,"76":0,"77":0,"78":0,"79":0,"80":0,"81":0,"82":0,"83":0,"84":0,"85":0,"86":0,"87":0,"88":0,"89":0,"90":0,"91":0,"92":0,"93":0,"94":0,"95":0,"96":0,"97":0,"98":0,"99":0,"100":0,"101":0,"102":0,"103":0,"104":0,"105":0,"106":0,"107":0},"f":{"0":0,"1":0,"2":0,"3":0,"4":0,"5":0,"6":1,"7":0,"8":0,"9":0,"10":0,"11":0,"12":0,"13":0,"14":0,"15":0,"16":0,"17":0,"18":0,"19":0,"20":0,"21":0,"22":0},"b":{"0":[0,0],"1":[0,0],"2":[0,0],"3":[0,0],"4":[0,0],"5":[0,0],"6":[0,0],"7":[0,0],"8":[0,0],"9":[0,0],"10":[0,0],"11":[0,0],"12":[0,0],"13":[0,0],"14":[0,0]},"_coverageSchema":"1a1c01bbd47fc00a2c39e90264f33305004495a9","hash":"017594fb2592b13c14c72d27e18d997c9427b715"}
,"D:\\Users\\Leo\\Documents\\Microverse\\todo-list\\src\\myLocalStorage.js": {"path":"D:\\Users\\Leo\\Documents\\Microverse\\todo-list\\src\\myLocalStorage.js","statementMap":{"0":{"start":{"line":3,"column":17},"end":{"line":3,"column":19}},"1":{"start":{"line":5,"column":24},"end":{"line":7,"column":1}},"2":{"start":{"line":6,"column":2},"end":{"line":6,"column":60}},"3":{"start":{"line":9,"column":24},"end":{"line":15,"column":1}},"4":{"start":{"line":10,"column":15},"end":{"line":10,"column":56}},"5":{"start":{"line":12,"column":2},"end":{"line":12,"column":20}},"6":{"start":{"line":12,"column":13},"end":{"line":12,"column":20}},"7":{"start":{"line":14,"column":2},"end":{"line":14,"column":20}},"8":{"start":{"line":17,"column":25},"end":{"line":19,"column":1}},"9":{"start":{"line":18,"column":2},"end":{"line":18,"column":24}}},"fnMap":{"0":{"name":"(anonymous_0)","decl":{"start":{"line":5,"column":24},"end":{"line":5,"column":25}},"loc":{"start":{"line":5,"column":30},"end":{"line":7,"column":1}},"line":5},"1":{"name":"(anonymous_1)","decl":{"start":{"line":9,"column":24},"end":{"line":9,"column":25}},"loc":{"start":{"line":9,"column":30},"end":{"line":15,"column":1}},"line":9},"2":{"name":"(anonymous_2)","decl":{"start":{"line":17,"column":25},"end":{"line":17,"column":26}},"loc":{"start":{"line":17,"column":39},"end":{"line":19,"column":1}},"line":17}},"branchMap":{"0":{"loc":{"start":{"line":12,"column":2},"end":{"line":12,"column":20}},"type":"if","locations":[{"start":{"line":12,"column":2},"end":{"line":12,"column":20}},{"start":{"line":12,"column":2},"end":{"line":12,"column":20}}],"line":12}},"s":{"0":1,"1":1,"2":0,"3":1,"4":0,"5":0,"6":0,"7":0,"8":1,"9":0},"f":{"0":0,"1":0,"2":0},"b":{"0":[0,0]},"_coverageSchema":"1a1c01bbd47fc00a2c39e90264f33305004495a9","hash":"f90c79fb188e4f431aa30ea064674e7d3259dec5"}
}
